Command line:
   tb_mux4to1_isim_beh.exe
     -simmode  gui
     -simrunnum  0
     -socket  53253

Thu Jan 02 15:49:49 2020


 Elaboration Time: 0.046875 sec

 Current Memory Usage: 5160.43 Meg

 Total Signals          : 32
 Total Nets             : 22
 Total Signal Drivers   : 14
 Total Blocks           : 6
 Total Primitive Blocks : 4
 Total Processes        : 19
 Total Traceable Variables  : 27
 Total Scalar Nets and Variables : 111
Total Line Count : 61

 Total Simulation Time: 0.046875 sec

 Current Memory Usage: 4688.57 Meg

Thu Jan 02 15:55:24 2020

